f:\cen133-software engıneer\projects\bınary search (fnc)\bınary search (fnc)\debug\bınary.obj
f:\cen133-software engıneer\projects\bınary search (fnc)\bınary search (fnc)\debug\vc100.pdb
f:\cen133-software engıneer\projects\bınary search (fnc)\debug\bınary search (fnc).ılk
f:\cen133-software engıneer\projects\bınary search (fnc)\debug\bınary search (fnc).exe
f:\cen133-software engıneer\projects\bınary search (fnc)\bınary search (fnc)\debug\bınary search (fnc).exe.ıntermedıate.manıfest
f:\cen133-software engıneer\projects\bınary search (fnc)\debug\bınary search (fnc).pdb
f:\cen133-software engıneer\projects\bınary search (fnc)\bınary search (fnc)\debug\bınary search (fnc).exe.embed.manıfest
f:\cen133-software engıneer\projects\bınary search (fnc)\bınary search (fnc)\debug\bınary search (fnc).exe.embed.manıfest.res
f:\codıng\cen133-software engıneer\projects\bınary search (fnc)\bınary search (fnc)\debug\vc120.pdb
f:\codıng\cen133-software engıneer\projects\bınary search (fnc)\bınary search (fnc)\debug\vc120.ıdb
f:\codıng\cen133-software engıneer\projects\bınary search (fnc)\bınary search (fnc)\debug\bınary.obj
f:\codıng\cen133-software engıneer\projects\bınary search (fnc)\bınary search (fnc)\debug\binary.obj
f:\codıng\cen133-software engıneer\projects\bınary search (fnc)\bınary search (fnc)\debug\bınary search (fnc).write.1.tlog
f:\codıng\cen133-software engıneer\projects\bınary search (fnc)\bınary search (fnc)\debug\cl.command.1.tlog
f:\codıng\cen133-software engıneer\projects\bınary search (fnc)\bınary search (fnc)\debug\cl.read.1.tlog
f:\codıng\cen133-software engıneer\projects\bınary search (fnc)\bınary search (fnc)\debug\cl.write.1.tlog
f:\codıng\cen133-software engıneer\projects\bınary search (fnc)\bınary search (fnc)\debug\link-cvtres.read.1.tlog
f:\codıng\cen133-software engıneer\projects\bınary search (fnc)\bınary search (fnc)\debug\link-cvtres.write.1.tlog
f:\codıng\cen133-software engıneer\projects\bınary search (fnc)\bınary search (fnc)\debug\link.3420-cvtres.read.1.tlog
f:\codıng\cen133-software engıneer\projects\bınary search (fnc)\bınary search (fnc)\debug\link.3420-cvtres.write.1.tlog
f:\codıng\cen133-software engıneer\projects\bınary search (fnc)\bınary search (fnc)\debug\link.3420.read.1.tlog
f:\codıng\cen133-software engıneer\projects\bınary search (fnc)\bınary search (fnc)\debug\link.3420.write.1.tlog
f:\codıng\cen133-software engıneer\projects\bınary search (fnc)\bınary search (fnc)\debug\link.command.1.tlog
f:\codıng\cen133-software engıneer\projects\bınary search (fnc)\bınary search (fnc)\debug\link.read.1.tlog
f:\codıng\cen133-software engıneer\projects\bınary search (fnc)\bınary search (fnc)\debug\link.write.1.tlog
f:\codıng\cen133-software engıneer\projects\bınary search (fnc)\bınary search (fnc)\debug\mt.command.1.tlog
f:\codıng\cen133-software engıneer\projects\bınary search (fnc)\bınary search (fnc)\debug\mt.read.1.tlog
f:\codıng\cen133-software engıneer\projects\bınary search (fnc)\bınary search (fnc)\debug\mt.write.1.tlog
f:\codıng\cen133-software engıneer\projects\bınary search (fnc)\bınary search (fnc)\debug\rc.command.1.tlog
f:\codıng\cen133-software engıneer\projects\bınary search (fnc)\bınary search (fnc)\debug\rc.read.1.tlog
f:\codıng\cen133-software engıneer\projects\bınary search (fnc)\bınary search (fnc)\debug\rc.write.1.tlog
f:\codıng\cen133-software engıneer\projects\bınary search (fnc)\bınary search (fnc)\debug\bınary search (fnc).exe.embed.manifest
f:\codıng\cen133-software engıneer\projects\bınary search (fnc)\bınary search (fnc)\debug\bınary search (fnc).exe.intermediate.manifest
f:\codıng\cen133-software engıneer\projects\bınary search (fnc)\bınary search (fnc)\debug\bınary search (fnc).exe.embed.manifest.res
f:\codıng\cen133-software engıneer\projects\bınary search (fnc)\bınary search (fnc)\debug\vc100.idb
f:\codıng\cen133-software engıneer\projects\bınary search (fnc)\bınary search (fnc)\debug\vc120.idb
f:\codıng\cen133-software engıneer\projects\bınary search (fnc)\bınary search (fnc)\debug\vc100.pdb
f:\codıng\cen133-software engıneer\projects\bınary search (fnc)\bınary search (fnc)\debug\bınary search (fnc)_manifest.rc
f:\codıng\cen133-software engıneer\projects\bınary search (fnc)\debug\bınary search (fnc).pdb
f:\codıng\cen133-software engıneer\projects\bınary search (fnc)\bınary search (fnc)\debug\bınary s.20f6eccf.tlog\cl.command.1.tlog
f:\codıng\cen133-software engıneer\projects\bınary search (fnc)\bınary search (fnc)\debug\bınary s.20f6eccf.tlog\cl.read.1.tlog
f:\codıng\cen133-software engıneer\projects\bınary search (fnc)\bınary search (fnc)\debug\bınary s.20f6eccf.tlog\cl.write.1.tlog
f:\codıng\cen133-software engıneer\projects\bınary search (fnc)\bınary search (fnc)\debug\bınary s.20f6eccf.tlog\link-cvtres.read.1.tlog
f:\codıng\cen133-software engıneer\projects\bınary search (fnc)\bınary search (fnc)\debug\bınary s.20f6eccf.tlog\link-cvtres.write.1.tlog
f:\codıng\cen133-software engıneer\projects\bınary search (fnc)\bınary search (fnc)\debug\bınary s.20f6eccf.tlog\link-rc.read.1.tlog
f:\codıng\cen133-software engıneer\projects\bınary search (fnc)\bınary search (fnc)\debug\bınary s.20f6eccf.tlog\link-rc.write.1.tlog
f:\codıng\cen133-software engıneer\projects\bınary search (fnc)\bınary search (fnc)\debug\bınary s.20f6eccf.tlog\link.command.1.tlog
f:\codıng\cen133-software engıneer\projects\bınary search (fnc)\bınary search (fnc)\debug\bınary s.20f6eccf.tlog\link.read.1.tlog
f:\codıng\cen133-software engıneer\projects\bınary search (fnc)\bınary search (fnc)\debug\bınary s.20f6eccf.tlog\link.write.1.tlog
